<?xml version="1.0" encoding="UTF-8"?>
<testsuite name="de.uniba.wiai.dsg.ajp.assignment3.NewReleasePriceTests" tests="9" skipped="0" failures="0" errors="0" timestamp="2021-06-20T16:12:31" hostname="OLE-PC" time="0.024">
  <properties/>
  <testcase name="getPriceCodeShouldReturnChildrens()" classname="de.uniba.wiai.dsg.ajp.assignment3.NewReleasePriceTests" time="0.0"/>
  <testcase name="getChargeTestThrowsExceptionForIllegalArguments()" classname="de.uniba.wiai.dsg.ajp.assignment3.NewReleasePriceTests" time="0.001"/>
  <testcase name="[1] 1, 3.0" classname="de.uniba.wiai.dsg.ajp.assignment3.NewReleasePriceTests" time="0.001"/>
  <testcase name="[2] 3, 9.0" classname="de.uniba.wiai.dsg.ajp.assignment3.NewReleasePriceTests" time="0.001"/>
  <testcase name="[3] 4, 12.0" classname="de.uniba.wiai.dsg.ajp.assignment3.NewReleasePriceTests" time="0.001"/>
  <testcase name="[1] 1, 1" classname="de.uniba.wiai.dsg.ajp.assignment3.NewReleasePriceTests" time="0.001"/>
  <testcase name="[2] 2, 2" classname="de.uniba.wiai.dsg.ajp.assignment3.NewReleasePriceTests" time="0.001"/>
  <testcase name="[3] 3, 2" classname="de.uniba.wiai.dsg.ajp.assignment3.NewReleasePriceTests" time="0.001"/>
  <testcase name="[4] 0, 0" classname="de.uniba.wiai.dsg.ajp.assignment3.NewReleasePriceTests" time="0.003"/>
  <system-out><![CDATA[]]></system-out>
  <system-err><![CDATA[Incorrect value for days rented!
Incorrect value for days rented!
]]></system-err>
</testsuite>
