<?xml version="1.0" encoding="UTF-8"?>
<testsuite name="de.uniba.wiai.dsg.ajp.assignment3.ChildrensPriceTests" tests="8" skipped="0" failures="0" errors="0" timestamp="2021-06-20T16:12:29" hostname="OLE-PC" time="0.138">
  <properties/>
  <testcase name="getPriceCodeShouldReturnChildrens()" classname="de.uniba.wiai.dsg.ajp.assignment3.ChildrensPriceTests" time="0.038"/>
  <testcase name="[1] -2" classname="de.uniba.wiai.dsg.ajp.assignment3.ChildrensPriceTests" time="0.037"/>
  <testcase name="[2] 0" classname="de.uniba.wiai.dsg.ajp.assignment3.ChildrensPriceTests" time="0.001"/>
  <testcase name="[3] 1" classname="de.uniba.wiai.dsg.ajp.assignment3.ChildrensPriceTests" time="0.002"/>
  <testcase name="getChargeTestThrowsExceptionForIllegalArguments()" classname="de.uniba.wiai.dsg.ajp.assignment3.ChildrensPriceTests" time="0.009"/>
  <testcase name="[1] 1, 1.5" classname="de.uniba.wiai.dsg.ajp.assignment3.ChildrensPriceTests" time="0.0"/>
  <testcase name="[2] 3, 1.5" classname="de.uniba.wiai.dsg.ajp.assignment3.ChildrensPriceTests" time="0.001"/>
  <testcase name="[3] 4, 3.0" classname="de.uniba.wiai.dsg.ajp.assignment3.ChildrensPriceTests" time="0.001"/>
  <system-out><![CDATA[]]></system-out>
  <system-err><![CDATA[Incorrect value for days rented!
Incorrect value for days rented!
Incorrect value for days rented!
]]></system-err>
</testsuite>
