<?xml version="1.0" encoding="UTF-8"?>
<testsuite name="de.uniba.wiai.dsg.ajp.assignment3.LowBudgetPriceTests" tests="5" skipped="0" failures="0" errors="0" timestamp="2021-06-20T16:12:31" hostname="OLE-PC" time="0.009">
  <properties/>
  <testcase name="getPriceCodeShouldReturnChildrens()" classname="de.uniba.wiai.dsg.ajp.assignment3.LowBudgetPriceTests" time="0.001"/>
  <testcase name="getChargeTestThrowsExceptionForIllegalArguments()" classname="de.uniba.wiai.dsg.ajp.assignment3.LowBudgetPriceTests" time="0.001"/>
  <testcase name="[1] 1, 0.5" classname="de.uniba.wiai.dsg.ajp.assignment3.LowBudgetPriceTests" time="0.001"/>
  <testcase name="[2] 2, 1.5" classname="de.uniba.wiai.dsg.ajp.assignment3.LowBudgetPriceTests" time="0.001"/>
  <testcase name="[3] 3, 2.0" classname="de.uniba.wiai.dsg.ajp.assignment3.LowBudgetPriceTests" time="0.0"/>
  <system-out><![CDATA[]]></system-out>
  <system-err><![CDATA[Incorrect value for days rented!
]]></system-err>
</testsuite>
